<?xml version="1.0" encoding="utf-8"?>
<testsuites>
<testsuite package="org.eslint" time="0" tests="0" errors="0" name="D:\ARBEIT\froso\ufp-examples\src_modules\ufp-core-frontend\ext\build\lib\logger.js">
</testsuite>
<testsuite package="org.eslint" time="0" tests="0" errors="0" name="D:\ARBEIT\froso\ufp-examples\src_modules\ufp-core-frontend\ext\build\lib\ufp\index.js">
</testsuite>
<testsuite package="org.eslint" time="0" tests="0" errors="0" name="D:\ARBEIT\froso\ufp-examples\src_modules\ufp-core-frontend\ext\build\scripts\compile.js">
</testsuite>
<testsuite package="org.eslint" time="0" tests="0" errors="0" name="D:\ARBEIT\froso\ufp-examples\src_modules\ufp-core-frontend\ext\build\scripts\constants.js">
</testsuite>
<testsuite package="org.eslint" time="0" tests="0" errors="0" name="D:\ARBEIT\froso\ufp-examples\src_modules\ufp-core-frontend\ext\build\scripts\logger.js">
</testsuite>
<testsuite package="org.eslint" time="0" tests="2" errors="2" name="D:\ARBEIT\froso\ufp-examples\src_modules\ufp-core-frontend\ext\build\scripts\make.js">
<testcase time="0" name="org.eslint.no-unused-vars"><failure message="&apos;fs&apos; is assigned a value but never used."><![CDATA[line 2, col 7, Error - &apos;fs&apos; is assigned a value but never used. (no-unused-vars)]]></failure></testcase>
<testcase time="0" name="org.eslint.no-throw-literal"><failure message="Expected an object to be thrown."><![CDATA[line 69, col 13, Error - Expected an object to be thrown. (no-throw-literal)]]></failure></testcase>
</testsuite>
<testsuite package="org.eslint" time="0" tests="0" errors="0" name="D:\ARBEIT\froso\ufp-examples\src_modules\ufp-core-frontend\ext\build\scripts\start.js">
</testsuite>
<testsuite package="org.eslint" time="0" tests="1" errors="1" name="D:\ARBEIT\froso\ufp-examples\src_modules\ufp-core-frontend\ext\build\server\main.js">
<testcase time="0" name="org.eslint.filenames/match-exported"><failure message="Filename &apos;main&apos; must match the exported and transformed name &apos;Main&apos;."><![CDATA[line 1, col 1, Warning - Filename &apos;main&apos; must match the exported and transformed name &apos;Main&apos;. (filenames/match-exported)]]></failure></testcase>
</testsuite>
<testsuite package="org.eslint" time="0" tests="0" errors="0" name="D:\ARBEIT\froso\ufp-examples\src_modules\ufp-core-frontend\ext\Install.js">
</testsuite>
<testsuite package="org.eslint" time="0" tests="0" errors="0" name="D:\ARBEIT\froso\ufp-examples\src_modules\ufp-core-frontend\ext\InstallGlobals.js">
</testsuite>
<testsuite package="org.eslint" time="0" tests="0" errors="0" name="D:\ARBEIT\froso\ufp-examples\src_modules\ufp-core-frontend\ext\presets\default\config\closure.externs.js">
</testsuite>
<testsuite package="org.eslint" time="0" tests="0" errors="0" name="D:\ARBEIT\froso\ufp-examples\src_modules\ufp-core-frontend\ext\presets\default\config\karma.config.js">
</testsuite>
<testsuite package="org.eslint" time="0" tests="1" errors="1" name="D:\ARBEIT\froso\ufp-examples\src_modules\ufp-core-frontend\ext\presets\default\config\webpack.config.js">
<testcase time="0" name="org.eslint.filenames/match-exported"><failure message="Filename &apos;webpack.config&apos; must match the exported and transformed name &apos;Config&apos;."><![CDATA[line 1, col 1, Warning - Filename &apos;webpack.config&apos; must match the exported and transformed name &apos;Config&apos;. (filenames/match-exported)]]></failure></testcase>
</testsuite>
<testsuite package="org.eslint" time="0" tests="0" errors="0" name="D:\ARBEIT\froso\ufp-examples\src_modules\ufp-core-frontend\ext\presets\default\project.config.js">
</testsuite>
<testsuite package="org.eslint" time="0" tests="0" errors="0" name="D:\ARBEIT\froso\ufp-examples\src_modules\ufp-core-frontend\ext\UpdatePackageJson.js">
</testsuite>
<testsuite package="org.eslint" time="0" tests="0" errors="0" name="D:\ARBEIT\froso\ufp-examples\src_modules\ufp-core-frontend\ext\UpdatePackageJsonDependencies.js">
</testsuite>
<testsuite package="org.eslint" time="0" tests="0" errors="0" name="D:\ARBEIT\froso\ufp-examples\src_modules\ufp-core-frontend\ext\UpdatePackageJsonScripts.js">
</testsuite>
</testsuites>
