<?xml version="1.0" encoding="utf-8"?>
<testsuites>
<testsuite package="org.eslint" time="0" tests="1" errors="0" name="D:\ARBEIT\FROSO\ufp-simple-client\src_modules\ufp-core-frontend\src\core\addition\Runfest.js">
<testcase time="0" name="D:\ARBEIT\FROSO\ufp-simple-client\src_modules\ufp-core-frontend\src\core\addition\Runfest.js" />
</testsuite>
<testsuite package="org.eslint" time="0" tests="1" errors="0" name="D:\ARBEIT\FROSO\ufp-simple-client\src_modules\ufp-core-frontend\src\core\base\Runfest.js">
<testcase time="0" name="D:\ARBEIT\FROSO\ufp-simple-client\src_modules\ufp-core-frontend\src\core\base\Runfest.js" />
</testsuite>
<testsuite package="org.eslint" time="0" tests="1" errors="0" name="D:\ARBEIT\FROSO\ufp-simple-client\src_modules\ufp-core-frontend\src\core\base\UfpCoreActionCreators.js">
<testcase time="0" name="D:\ARBEIT\FROSO\ufp-simple-client\src_modules\ufp-core-frontend\src\core\base\UfpCoreActionCreators.js" />
</testsuite>
<testsuite package="org.eslint" time="0" tests="1" errors="0" name="D:\ARBEIT\FROSO\ufp-simple-client\src_modules\ufp-core-frontend\src\core\debug\Runfest.js">
<testcase time="0" name="D:\ARBEIT\FROSO\ufp-simple-client\src_modules\ufp-core-frontend\src\core\debug\Runfest.js" />
</testsuite>
<testsuite package="org.eslint" time="0" tests="1" errors="0" name="D:\ARBEIT\FROSO\ufp-simple-client\src_modules\ufp-core-frontend\src\core\index.js">
<testcase time="0" name="D:\ARBEIT\FROSO\ufp-simple-client\src_modules\ufp-core-frontend\src\core\index.js" />
</testsuite>
<testsuite package="org.eslint" time="0" tests="1" errors="0" name="D:\ARBEIT\FROSO\ufp-simple-client\src_modules\ufp-core-frontend\src\core\proptypes\RunfestPropType.js">
<testcase time="0" name="D:\ARBEIT\FROSO\ufp-simple-client\src_modules\ufp-core-frontend\src\core\proptypes\RunfestPropType.js" />
</testsuite>
<testsuite package="org.eslint" time="0" tests="1" errors="0" name="D:\ARBEIT\FROSO\ufp-simple-client\src_modules\ufp-core-frontend\src\core\UfpConfig.js">
<testcase time="0" name="D:\ARBEIT\FROSO\ufp-simple-client\src_modules\ufp-core-frontend\src\core\UfpConfig.js" />
</testsuite>
<testsuite package="org.eslint" time="0" tests="1" errors="0" name="D:\ARBEIT\FROSO\ufp-simple-client\src_modules\ufp-core-frontend\src\core\UfpCore.js">
<testcase time="0" name="D:\ARBEIT\FROSO\ufp-simple-client\src_modules\ufp-core-frontend\src\core\UfpCore.js" />
</testsuite>
<testsuite package="org.eslint" time="0" tests="1" errors="0" name="D:\ARBEIT\FROSO\ufp-simple-client\src_modules\ufp-core-frontend\src\core\UfpCoreConstants.js">
<testcase time="0" name="D:\ARBEIT\FROSO\ufp-simple-client\src_modules\ufp-core-frontend\src\core\UfpCoreConstants.js" />
</testsuite>
<testsuite package="org.eslint" time="0" tests="1" errors="0" name="D:\ARBEIT\FROSO\ufp-simple-client\src_modules\ufp-core-frontend\src\core\UfpCoreSelectors.js">
<testcase time="0" name="D:\ARBEIT\FROSO\ufp-simple-client\src_modules\ufp-core-frontend\src\core\UfpCoreSelectors.js" />
</testsuite>
<testsuite package="org.eslint" time="0" tests="1" errors="0" name="D:\ARBEIT\FROSO\ufp-simple-client\src_modules\ufp-core-frontend\src\core\UfpManifest.js">
<testcase time="0" name="D:\ARBEIT\FROSO\ufp-simple-client\src_modules\ufp-core-frontend\src\core\UfpManifest.js" />
</testsuite>
<testsuite package="org.eslint" time="0" tests="1" errors="0" name="D:\ARBEIT\FROSO\ufp-simple-client\src_modules\ufp-core-frontend\src\core\UfpSetup.js">
<testcase time="0" name="D:\ARBEIT\FROSO\ufp-simple-client\src_modules\ufp-core-frontend\src\core\UfpSetup.js" />
</testsuite>
<testsuite package="org.eslint" time="0" tests="1" errors="0" name="D:\ARBEIT\FROSO\ufp-simple-client\src_modules\ufp-core-frontend\src\index.js">
<testcase time="0" name="D:\ARBEIT\FROSO\ufp-simple-client\src_modules\ufp-core-frontend\src\index.js" />
</testsuite>
<testsuite package="org.eslint" time="0" tests="1" errors="0" name="D:\ARBEIT\FROSO\ufp-simple-client\src_modules\ufp-core-frontend\src\logger\Console.js">
<testcase time="0" name="D:\ARBEIT\FROSO\ufp-simple-client\src_modules\ufp-core-frontend\src\logger\Console.js" />
</testsuite>
<testsuite package="org.eslint" time="0" tests="1" errors="0" name="D:\ARBEIT\FROSO\ufp-simple-client\src_modules\ufp-core-frontend\src\logger\Logger.js">
<testcase time="0" name="D:\ARBEIT\FROSO\ufp-simple-client\src_modules\ufp-core-frontend\src\logger\Logger.js" />
</testsuite>
<testsuite package="org.eslint" time="0" tests="1" errors="0" name="D:\ARBEIT\FROSO\ufp-simple-client\src_modules\ufp-core-frontend\src\middleware\Errors.js">
<testcase time="0" name="D:\ARBEIT\FROSO\ufp-simple-client\src_modules\ufp-core-frontend\src\middleware\Errors.js" />
</testsuite>
<testsuite package="org.eslint" time="0" tests="1" errors="0" name="D:\ARBEIT\FROSO\ufp-simple-client\src_modules\ufp-core-frontend\src\middleware\index.js">
<testcase time="0" name="D:\ARBEIT\FROSO\ufp-simple-client\src_modules\ufp-core-frontend\src\middleware\index.js" />
</testsuite>
<testsuite package="org.eslint" time="0" tests="1" errors="0" name="D:\ARBEIT\FROSO\ufp-simple-client\src_modules\ufp-core-frontend\src\middleware\request\FetchRequest.js">
<testcase time="0" name="D:\ARBEIT\FROSO\ufp-simple-client\src_modules\ufp-core-frontend\src\middleware\request\FetchRequest.js" />
</testsuite>
<testsuite package="org.eslint" time="0" tests="1" errors="0" name="D:\ARBEIT\FROSO\ufp-simple-client\src_modules\ufp-core-frontend\src\middleware\request\RequestFactory.js">
<testcase time="0" name="D:\ARBEIT\FROSO\ufp-simple-client\src_modules\ufp-core-frontend\src\middleware\request\RequestFactory.js" />
</testsuite>
<testsuite package="org.eslint" time="0" tests="1" errors="0" name="D:\ARBEIT\FROSO\ufp-simple-client\src_modules\ufp-core-frontend\src\middleware\resulthandler\index.js">
<testcase time="0" name="D:\ARBEIT\FROSO\ufp-simple-client\src_modules\ufp-core-frontend\src\middleware\resulthandler\index.js" />
</testsuite>
<testsuite package="org.eslint" time="0" tests="1" errors="0" name="D:\ARBEIT\FROSO\ufp-simple-client\src_modules\ufp-core-frontend\src\middleware\resulthandler\ResultHandlerJson.js">
<testcase time="0" name="D:\ARBEIT\FROSO\ufp-simple-client\src_modules\ufp-core-frontend\src\middleware\resulthandler\ResultHandlerJson.js" />
</testsuite>
<testsuite package="org.eslint" time="0" tests="1" errors="0" name="D:\ARBEIT\FROSO\ufp-simple-client\src_modules\ufp-core-frontend\src\middleware\Runfest.js">
<testcase time="0" name="D:\ARBEIT\FROSO\ufp-simple-client\src_modules\ufp-core-frontend\src\middleware\Runfest.js" />
</testsuite>
<testsuite package="org.eslint" time="0" tests="1" errors="0" name="D:\ARBEIT\FROSO\ufp-simple-client\src_modules\ufp-core-frontend\src\middleware\UfpMiddleware.js">
<testcase time="0" name="D:\ARBEIT\FROSO\ufp-simple-client\src_modules\ufp-core-frontend\src\middleware\UfpMiddleware.js" />
</testsuite>
<testsuite package="org.eslint" time="0" tests="1" errors="0" name="D:\ARBEIT\FROSO\ufp-simple-client\src_modules\ufp-core-frontend\src\middleware\UfpMiddlewareActionCreatorInternal.js">
<testcase time="0" name="D:\ARBEIT\FROSO\ufp-simple-client\src_modules\ufp-core-frontend\src\middleware\UfpMiddlewareActionCreatorInternal.js" />
</testsuite>
<testsuite package="org.eslint" time="0" tests="1" errors="0" name="D:\ARBEIT\FROSO\ufp-simple-client\src_modules\ufp-core-frontend\src\middleware\UfpMiddlewareConfiguration.js">
<testcase time="0" name="D:\ARBEIT\FROSO\ufp-simple-client\src_modules\ufp-core-frontend\src\middleware\UfpMiddlewareConfiguration.js" />
</testsuite>
<testsuite package="org.eslint" time="0" tests="1" errors="0" name="D:\ARBEIT\FROSO\ufp-simple-client\src_modules\ufp-core-frontend\src\middleware\UfpMiddlewareConstants.js">
<testcase time="0" name="D:\ARBEIT\FROSO\ufp-simple-client\src_modules\ufp-core-frontend\src\middleware\UfpMiddlewareConstants.js" />
</testsuite>
<testsuite package="org.eslint" time="0" tests="1" errors="0" name="D:\ARBEIT\FROSO\ufp-simple-client\src_modules\ufp-core-frontend\src\middleware\UfpMiddlewareHelperUtils.js">
<testcase time="0" name="D:\ARBEIT\FROSO\ufp-simple-client\src_modules\ufp-core-frontend\src\middleware\UfpMiddlewareHelperUtils.js" />
</testsuite>
<testsuite package="org.eslint" time="0" tests="1" errors="0" name="D:\ARBEIT\FROSO\ufp-simple-client\src_modules\ufp-core-frontend\src\middleware\UfpMiddlewareUtils.js">
<testcase time="0" name="D:\ARBEIT\FROSO\ufp-simple-client\src_modules\ufp-core-frontend\src\middleware\UfpMiddlewareUtils.js" />
</testsuite>
<testsuite package="org.eslint" time="0" tests="1" errors="0" name="D:\ARBEIT\FROSO\ufp-simple-client\src_modules\ufp-core-frontend\src\middleware\UfpRequestActions.js">
<testcase time="0" name="D:\ARBEIT\FROSO\ufp-simple-client\src_modules\ufp-core-frontend\src\middleware\UfpRequestActions.js" />
</testsuite>
<testsuite package="org.eslint" time="0" tests="1" errors="0" name="D:\ARBEIT\FROSO\ufp-simple-client\src_modules\ufp-core-frontend\src\middleware\utils\PreHandlerResult.js">
<testcase time="0" name="D:\ARBEIT\FROSO\ufp-simple-client\src_modules\ufp-core-frontend\src\middleware\utils\PreHandlerResult.js" />
</testsuite>
<testsuite package="org.eslint" time="0" tests="1" errors="0" name="D:\ARBEIT\FROSO\ufp-simple-client\src_modules\ufp-core-frontend\src\middleware\utils\resource\GenericResourceActionHandler.js">
<testcase time="0" name="D:\ARBEIT\FROSO\ufp-simple-client\src_modules\ufp-core-frontend\src\middleware\utils\resource\GenericResourceActionHandler.js" />
</testsuite>
<testsuite package="org.eslint" time="0" tests="1" errors="0" name="D:\ARBEIT\FROSO\ufp-simple-client\src_modules\ufp-core-frontend\src\middleware\utils\resource\GenericResourceFactory.js">
<testcase time="0" name="D:\ARBEIT\FROSO\ufp-simple-client\src_modules\ufp-core-frontend\src\middleware\utils\resource\GenericResourceFactory.js" />
</testsuite>
<testsuite package="org.eslint" time="0" tests="1" errors="0" name="D:\ARBEIT\FROSO\ufp-simple-client\src_modules\ufp-core-frontend\src\middleware\utils\resource\GenericResourceHOC.js">
<testcase time="0" name="D:\ARBEIT\FROSO\ufp-simple-client\src_modules\ufp-core-frontend\src\middleware\utils\resource\GenericResourceHOC.js" />
</testsuite>
<testsuite package="org.eslint" time="0" tests="1" errors="0" name="D:\ARBEIT\FROSO\ufp-simple-client\src_modules\ufp-core-frontend\src\middleware\utils\resource\GenericResourceSelector.js">
<testcase time="0" name="D:\ARBEIT\FROSO\ufp-simple-client\src_modules\ufp-core-frontend\src\middleware\utils\resource\GenericResourceSelector.js" />
</testsuite>
<testsuite package="org.eslint" time="0" tests="1" errors="0" name="D:\ARBEIT\FROSO\ufp-simple-client\src_modules\ufp-core-frontend\src\middleware\utils\resource\index.js">
<testcase time="0" name="D:\ARBEIT\FROSO\ufp-simple-client\src_modules\ufp-core-frontend\src\middleware\utils\resource\index.js" />
</testsuite>
<testsuite package="org.eslint" time="0" tests="1" errors="0" name="D:\ARBEIT\FROSO\ufp-simple-client\src_modules\ufp-core-frontend\src\middleware\utils\ResultHandlerResult.js">
<testcase time="0" name="D:\ARBEIT\FROSO\ufp-simple-client\src_modules\ufp-core-frontend\src\middleware\utils\ResultHandlerResult.js" />
</testsuite>
<testsuite package="org.eslint" time="0" tests="1" errors="0" name="D:\ARBEIT\FROSO\ufp-simple-client\src_modules\ufp-core-frontend\src\middleware\Validation.js">
<testcase time="0" name="D:\ARBEIT\FROSO\ufp-simple-client\src_modules\ufp-core-frontend\src\middleware\Validation.js" />
</testsuite>
<testsuite package="org.eslint" time="0" tests="1" errors="0" name="D:\ARBEIT\FROSO\ufp-simple-client\src_modules\ufp-core-frontend\src\modules\config\controller\ConfigActionCreators.js">
<testcase time="0" name="D:\ARBEIT\FROSO\ufp-simple-client\src_modules\ufp-core-frontend\src\modules\config\controller\ConfigActionCreators.js" />
</testsuite>
<testsuite package="org.eslint" time="0" tests="1" errors="0" name="D:\ARBEIT\FROSO\ufp-simple-client\src_modules\ufp-core-frontend\src\modules\config\index.js">
<testcase time="0" name="D:\ARBEIT\FROSO\ufp-simple-client\src_modules\ufp-core-frontend\src\modules\config\index.js" />
</testsuite>
<testsuite package="org.eslint" time="0" tests="1" errors="0" name="D:\ARBEIT\FROSO\ufp-simple-client\src_modules\ufp-core-frontend\src\modules\config\model\ConfigActionHandlers.js">
<testcase time="0" name="D:\ARBEIT\FROSO\ufp-simple-client\src_modules\ufp-core-frontend\src\modules\config\model\ConfigActionHandlers.js" />
</testsuite>
<testsuite package="org.eslint" time="0" tests="1" errors="0" name="D:\ARBEIT\FROSO\ufp-simple-client\src_modules\ufp-core-frontend\src\modules\config\model\ConfigConstants.js">
<testcase time="0" name="D:\ARBEIT\FROSO\ufp-simple-client\src_modules\ufp-core-frontend\src\modules\config\model\ConfigConstants.js" />
</testsuite>
<testsuite package="org.eslint" time="0" tests="1" errors="0" name="D:\ARBEIT\FROSO\ufp-simple-client\src_modules\ufp-core-frontend\src\modules\config\model\ConfigReducerCreatorFunction.js">
<testcase time="0" name="D:\ARBEIT\FROSO\ufp-simple-client\src_modules\ufp-core-frontend\src\modules\config\model\ConfigReducerCreatorFunction.js" />
</testsuite>
<testsuite package="org.eslint" time="0" tests="1" errors="0" name="D:\ARBEIT\FROSO\ufp-simple-client\src_modules\ufp-core-frontend\src\modules\config\model\ConfigSelectors.js">
<testcase time="0" name="D:\ARBEIT\FROSO\ufp-simple-client\src_modules\ufp-core-frontend\src\modules\config\model\ConfigSelectors.js" />
</testsuite>
<testsuite package="org.eslint" time="0" tests="1" errors="0" name="D:\ARBEIT\FROSO\ufp-simple-client\src_modules\ufp-core-frontend\src\modules\config\Runfest.js">
<testcase time="0" name="D:\ARBEIT\FROSO\ufp-simple-client\src_modules\ufp-core-frontend\src\modules\config\Runfest.js" />
</testsuite>
<testsuite package="org.eslint" time="0" tests="1" errors="0" name="D:\ARBEIT\FROSO\ufp-simple-client\src_modules\ufp-core-frontend\src\modules\config\view\HOCConfig.js">
<testcase time="0" name="D:\ARBEIT\FROSO\ufp-simple-client\src_modules\ufp-core-frontend\src\modules\config\view\HOCConfig.js" />
</testsuite>
<testsuite package="org.eslint" time="0" tests="1" errors="0" name="D:\ARBEIT\FROSO\ufp-simple-client\src_modules\ufp-core-frontend\src\modules\epic\ConfigureEpicsInternal.js">
<testcase time="0" name="D:\ARBEIT\FROSO\ufp-simple-client\src_modules\ufp-core-frontend\src\modules\epic\ConfigureEpicsInternal.js" />
</testsuite>
<testsuite package="org.eslint" time="0" tests="1" errors="0" name="D:\ARBEIT\FROSO\ufp-simple-client\src_modules\ufp-core-frontend\src\modules\epic\index.js">
<testcase time="0" name="D:\ARBEIT\FROSO\ufp-simple-client\src_modules\ufp-core-frontend\src\modules\epic\index.js" />
</testsuite>
<testsuite package="org.eslint" time="0" tests="1" errors="0" name="D:\ARBEIT\FROSO\ufp-simple-client\src_modules\ufp-core-frontend\src\modules\epic\Runfest.js">
<testcase time="0" name="D:\ARBEIT\FROSO\ufp-simple-client\src_modules\ufp-core-frontend\src\modules\epic\Runfest.js" />
</testsuite>
<testsuite package="org.eslint" time="0" tests="1" errors="0" name="D:\ARBEIT\FROSO\ufp-simple-client\src_modules\ufp-core-frontend\src\modules\intl\controller\IntlActionCreators.js">
<testcase time="0" name="D:\ARBEIT\FROSO\ufp-simple-client\src_modules\ufp-core-frontend\src\modules\intl\controller\IntlActionCreators.js" />
</testsuite>
<testsuite package="org.eslint" time="0" tests="1" errors="0" name="D:\ARBEIT\FROSO\ufp-simple-client\src_modules\ufp-core-frontend\src\modules\intl\index.js">
<testcase time="0" name="D:\ARBEIT\FROSO\ufp-simple-client\src_modules\ufp-core-frontend\src\modules\intl\index.js" />
</testsuite>
<testsuite package="org.eslint" time="0" tests="1" errors="0" name="D:\ARBEIT\FROSO\ufp-simple-client\src_modules\ufp-core-frontend\src\modules\intl\model\IntlActionHandlers.js">
<testcase time="0" name="D:\ARBEIT\FROSO\ufp-simple-client\src_modules\ufp-core-frontend\src\modules\intl\model\IntlActionHandlers.js" />
</testsuite>
<testsuite package="org.eslint" time="0" tests="1" errors="0" name="D:\ARBEIT\FROSO\ufp-simple-client\src_modules\ufp-core-frontend\src\modules\intl\model\IntlConfig.js">
<testcase time="0" name="D:\ARBEIT\FROSO\ufp-simple-client\src_modules\ufp-core-frontend\src\modules\intl\model\IntlConfig.js" />
</testsuite>
<testsuite package="org.eslint" time="0" tests="1" errors="0" name="D:\ARBEIT\FROSO\ufp-simple-client\src_modules\ufp-core-frontend\src\modules\intl\model\IntlConstants.js">
<testcase time="0" name="D:\ARBEIT\FROSO\ufp-simple-client\src_modules\ufp-core-frontend\src\modules\intl\model\IntlConstants.js" />
</testsuite>
<testsuite package="org.eslint" time="0" tests="1" errors="0" name="D:\ARBEIT\FROSO\ufp-simple-client\src_modules\ufp-core-frontend\src\modules\intl\model\IntlReducer.js">
<testcase time="0" name="D:\ARBEIT\FROSO\ufp-simple-client\src_modules\ufp-core-frontend\src\modules\intl\model\IntlReducer.js" />
</testsuite>
<testsuite package="org.eslint" time="0" tests="1" errors="0" name="D:\ARBEIT\FROSO\ufp-simple-client\src_modules\ufp-core-frontend\src\modules\intl\model\IntlSelectors.js">
<testcase time="0" name="D:\ARBEIT\FROSO\ufp-simple-client\src_modules\ufp-core-frontend\src\modules\intl\model\IntlSelectors.js" />
</testsuite>
<testsuite package="org.eslint" time="0" tests="1" errors="0" name="D:\ARBEIT\FROSO\ufp-simple-client\src_modules\ufp-core-frontend\src\modules\intl\Runfest.js">
<testcase time="0" name="D:\ARBEIT\FROSO\ufp-simple-client\src_modules\ufp-core-frontend\src\modules\intl\Runfest.js" />
</testsuite>
<testsuite package="org.eslint" time="0" tests="1" errors="0" name="D:\ARBEIT\FROSO\ufp-simple-client\src_modules\ufp-core-frontend\src\modules\intl\view\components\index.js">
<testcase time="0" name="D:\ARBEIT\FROSO\ufp-simple-client\src_modules\ufp-core-frontend\src\modules\intl\view\components\index.js" />
</testsuite>
<testsuite package="org.eslint" time="0" tests="1" errors="0" name="D:\ARBEIT\FROSO\ufp-simple-client\src_modules\ufp-core-frontend\src\modules\intl\view\components\UfpFormattedDate.jsx">
<testcase time="0" name="D:\ARBEIT\FROSO\ufp-simple-client\src_modules\ufp-core-frontend\src\modules\intl\view\components\UfpFormattedDate.jsx" />
</testsuite>
<testsuite package="org.eslint" time="0" tests="1" errors="0" name="D:\ARBEIT\FROSO\ufp-simple-client\src_modules\ufp-core-frontend\src\modules\intl\view\components\UfpFormattedHtmlMessage.jsx">
<testcase time="0" name="D:\ARBEIT\FROSO\ufp-simple-client\src_modules\ufp-core-frontend\src\modules\intl\view\components\UfpFormattedHtmlMessage.jsx" />
</testsuite>
<testsuite package="org.eslint" time="0" tests="1" errors="0" name="D:\ARBEIT\FROSO\ufp-simple-client\src_modules\ufp-core-frontend\src\modules\intl\view\components\UfpFormattedMessage.jsx">
<testcase time="0" name="D:\ARBEIT\FROSO\ufp-simple-client\src_modules\ufp-core-frontend\src\modules\intl\view\components\UfpFormattedMessage.jsx" />
</testsuite>
<testsuite package="org.eslint" time="0" tests="1" errors="0" name="D:\ARBEIT\FROSO\ufp-simple-client\src_modules\ufp-core-frontend\src\modules\intl\view\components\UfpFormattedRelative.jsx">
<testcase time="0" name="D:\ARBEIT\FROSO\ufp-simple-client\src_modules\ufp-core-frontend\src\modules\intl\view\components\UfpFormattedRelative.jsx" />
</testsuite>
<testsuite package="org.eslint" time="0" tests="1" errors="0" name="D:\ARBEIT\FROSO\ufp-simple-client\src_modules\ufp-core-frontend\src\modules\intl\view\components\UfpFormattedTime.jsx">
<testcase time="0" name="D:\ARBEIT\FROSO\ufp-simple-client\src_modules\ufp-core-frontend\src\modules\intl\view\components\UfpFormattedTime.jsx" />
</testsuite>
<testsuite package="org.eslint" time="0" tests="1" errors="0" name="D:\ARBEIT\FROSO\ufp-simple-client\src_modules\ufp-core-frontend\src\modules\intl\view\components\UfpIntlProvider.jsx">
<testcase time="0" name="D:\ARBEIT\FROSO\ufp-simple-client\src_modules\ufp-core-frontend\src\modules\intl\view\components\UfpIntlProvider.jsx" />
</testsuite>
<testsuite package="org.eslint" time="0" tests="1" errors="0" name="D:\ARBEIT\FROSO\ufp-simple-client\src_modules\ufp-core-frontend\src\modules\intl\view\components\UfpPrintCurrentLanguage.jsx">
<testcase time="0" name="D:\ARBEIT\FROSO\ufp-simple-client\src_modules\ufp-core-frontend\src\modules\intl\view\components\UfpPrintCurrentLanguage.jsx" />
</testsuite>
<testsuite package="org.eslint" time="0" tests="1" errors="0" name="D:\ARBEIT\FROSO\ufp-simple-client\src_modules\ufp-core-frontend\src\modules\menu\controller\MenuActionCreators.js">
<testcase time="0" name="D:\ARBEIT\FROSO\ufp-simple-client\src_modules\ufp-core-frontend\src\modules\menu\controller\MenuActionCreators.js" />
</testsuite>
<testsuite package="org.eslint" time="0" tests="1" errors="0" name="D:\ARBEIT\FROSO\ufp-simple-client\src_modules\ufp-core-frontend\src\modules\menu\controller\MenuActionEpicCreator.js">
<testcase time="0" name="D:\ARBEIT\FROSO\ufp-simple-client\src_modules\ufp-core-frontend\src\modules\menu\controller\MenuActionEpicCreator.js" />
</testsuite>
<testsuite package="org.eslint" time="0" tests="1" errors="0" name="D:\ARBEIT\FROSO\ufp-simple-client\src_modules\ufp-core-frontend\src\modules\menu\index.js">
<testcase time="0" name="D:\ARBEIT\FROSO\ufp-simple-client\src_modules\ufp-core-frontend\src\modules\menu\index.js" />
</testsuite>
<testsuite package="org.eslint" time="0" tests="1" errors="0" name="D:\ARBEIT\FROSO\ufp-simple-client\src_modules\ufp-core-frontend\src\modules\menu\model\MenuActionHandlers.js">
<testcase time="0" name="D:\ARBEIT\FROSO\ufp-simple-client\src_modules\ufp-core-frontend\src\modules\menu\model\MenuActionHandlers.js" />
</testsuite>
<testsuite package="org.eslint" time="0" tests="1" errors="0" name="D:\ARBEIT\FROSO\ufp-simple-client\src_modules\ufp-core-frontend\src\modules\menu\model\MenuConfigurationInternal.js">
<testcase time="0" name="D:\ARBEIT\FROSO\ufp-simple-client\src_modules\ufp-core-frontend\src\modules\menu\model\MenuConfigurationInternal.js" />
</testsuite>
<testsuite package="org.eslint" time="0" tests="1" errors="0" name="D:\ARBEIT\FROSO\ufp-simple-client\src_modules\ufp-core-frontend\src\modules\menu\model\MenuConfigurationPublic.js">
<testcase time="0" name="D:\ARBEIT\FROSO\ufp-simple-client\src_modules\ufp-core-frontend\src\modules\menu\model\MenuConfigurationPublic.js" />
</testsuite>
<testsuite package="org.eslint" time="0" tests="1" errors="0" name="D:\ARBEIT\FROSO\ufp-simple-client\src_modules\ufp-core-frontend\src\modules\menu\model\MenuConstants.js">
<testcase time="0" name="D:\ARBEIT\FROSO\ufp-simple-client\src_modules\ufp-core-frontend\src\modules\menu\model\MenuConstants.js" />
</testsuite>
<testsuite package="org.eslint" time="0" tests="1" errors="0" name="D:\ARBEIT\FROSO\ufp-simple-client\src_modules\ufp-core-frontend\src\modules\menu\model\MenuInternalUtils.js">
<testcase time="0" name="D:\ARBEIT\FROSO\ufp-simple-client\src_modules\ufp-core-frontend\src\modules\menu\model\MenuInternalUtils.js" />
</testsuite>
<testsuite package="org.eslint" time="0" tests="1" errors="0" name="D:\ARBEIT\FROSO\ufp-simple-client\src_modules\ufp-core-frontend\src\modules\menu\model\MenuReducer.js">
<testcase time="0" name="D:\ARBEIT\FROSO\ufp-simple-client\src_modules\ufp-core-frontend\src\modules\menu\model\MenuReducer.js" />
</testsuite>
<testsuite package="org.eslint" time="0" tests="1" errors="0" name="D:\ARBEIT\FROSO\ufp-simple-client\src_modules\ufp-core-frontend\src\modules\menu\model\MenuReducerUtils.js">
<testcase time="0" name="D:\ARBEIT\FROSO\ufp-simple-client\src_modules\ufp-core-frontend\src\modules\menu\model\MenuReducerUtils.js" />
</testsuite>
<testsuite package="org.eslint" time="0" tests="1" errors="0" name="D:\ARBEIT\FROSO\ufp-simple-client\src_modules\ufp-core-frontend\src\modules\menu\model\MenuSelectors.js">
<testcase time="0" name="D:\ARBEIT\FROSO\ufp-simple-client\src_modules\ufp-core-frontend\src\modules\menu\model\MenuSelectors.js" />
</testsuite>
<testsuite package="org.eslint" time="0" tests="1" errors="0" name="D:\ARBEIT\FROSO\ufp-simple-client\src_modules\ufp-core-frontend\src\modules\menu\Runfest.js">
<testcase time="0" name="D:\ARBEIT\FROSO\ufp-simple-client\src_modules\ufp-core-frontend\src\modules\menu\Runfest.js" />
</testsuite>
<testsuite package="org.eslint" time="0" tests="1" errors="0" name="D:\ARBEIT\FROSO\ufp-simple-client\src_modules\ufp-core-frontend\src\modules\menu\view\components\DefaultMenuAreaRenderer.jsx">
<testcase time="0" name="D:\ARBEIT\FROSO\ufp-simple-client\src_modules\ufp-core-frontend\src\modules\menu\view\components\DefaultMenuAreaRenderer.jsx" />
</testsuite>
<testsuite package="org.eslint" time="0" tests="1" errors="0" name="D:\ARBEIT\FROSO\ufp-simple-client\src_modules\ufp-core-frontend\src\modules\menu\view\components\DefaultMenuItemRenderer.jsx">
<testcase time="0" name="D:\ARBEIT\FROSO\ufp-simple-client\src_modules\ufp-core-frontend\src\modules\menu\view\components\DefaultMenuItemRenderer.jsx" />
</testsuite>
<testsuite package="org.eslint" time="0" tests="1" errors="0" name="D:\ARBEIT\FROSO\ufp-simple-client\src_modules\ufp-core-frontend\src\modules\menu\view\components\DefaultMenuRenderer.jsx">
<testcase time="0" name="D:\ARBEIT\FROSO\ufp-simple-client\src_modules\ufp-core-frontend\src\modules\menu\view\components\DefaultMenuRenderer.jsx" />
</testsuite>
<testsuite package="org.eslint" time="0" tests="1" errors="0" name="D:\ARBEIT\FROSO\ufp-simple-client\src_modules\ufp-core-frontend\src\modules\menu\view\components\index.js">
<testcase time="0" name="D:\ARBEIT\FROSO\ufp-simple-client\src_modules\ufp-core-frontend\src\modules\menu\view\components\index.js" />
</testsuite>
<testsuite package="org.eslint" time="0" tests="1" errors="0" name="D:\ARBEIT\FROSO\ufp-simple-client\src_modules\ufp-core-frontend\src\modules\menu\view\components\MenuWrapper.jsx">
<testcase time="0" name="D:\ARBEIT\FROSO\ufp-simple-client\src_modules\ufp-core-frontend\src\modules\menu\view\components\MenuWrapper.jsx" />
</testsuite>
<testsuite package="org.eslint" time="0" tests="1" errors="0" name="D:\ARBEIT\FROSO\ufp-simple-client\src_modules\ufp-core-frontend\src\modules\menu\view\HOCMenu.jsx">
<testcase time="0" name="D:\ARBEIT\FROSO\ufp-simple-client\src_modules\ufp-core-frontend\src\modules\menu\view\HOCMenu.jsx" />
</testsuite>
<testsuite package="org.eslint" time="0" tests="1" errors="0" name="D:\ARBEIT\FROSO\ufp-simple-client\src_modules\ufp-core-frontend\src\modules\mock\Runfest.js">
<testcase time="0" name="D:\ARBEIT\FROSO\ufp-simple-client\src_modules\ufp-core-frontend\src\modules\mock\Runfest.js" />
</testsuite>
<testsuite package="org.eslint" time="0" tests="1" errors="0" name="D:\ARBEIT\FROSO\ufp-simple-client\src_modules\ufp-core-frontend\src\modules\react-redux-hash-router4\history.js">
<testcase time="0" name="D:\ARBEIT\FROSO\ufp-simple-client\src_modules\ufp-core-frontend\src\modules\react-redux-hash-router4\history.js" />
</testsuite>
<testsuite package="org.eslint" time="0" tests="1" errors="0" name="D:\ARBEIT\FROSO\ufp-simple-client\src_modules\ufp-core-frontend\src\modules\react-redux-hash-router4\index.js">
<testcase time="0" name="D:\ARBEIT\FROSO\ufp-simple-client\src_modules\ufp-core-frontend\src\modules\react-redux-hash-router4\index.js" />
</testsuite>
<testsuite package="org.eslint" time="0" tests="1" errors="0" name="D:\ARBEIT\FROSO\ufp-simple-client\src_modules\ufp-core-frontend\src\modules\react-redux-hash-router4\RouterConstants.js">
<testcase time="0" name="D:\ARBEIT\FROSO\ufp-simple-client\src_modules\ufp-core-frontend\src\modules\react-redux-hash-router4\RouterConstants.js" />
</testsuite>
<testsuite package="org.eslint" time="0" tests="1" errors="0" name="D:\ARBEIT\FROSO\ufp-simple-client\src_modules\ufp-core-frontend\src\modules\react-redux-hash-router4\RouterSelectors.js">
<testcase time="0" name="D:\ARBEIT\FROSO\ufp-simple-client\src_modules\ufp-core-frontend\src\modules\react-redux-hash-router4\RouterSelectors.js" />
</testsuite>
<testsuite package="org.eslint" time="0" tests="1" errors="0" name="D:\ARBEIT\FROSO\ufp-simple-client\src_modules\ufp-core-frontend\src\modules\react-redux-hash-router4\Runfest.js">
<testcase time="0" name="D:\ARBEIT\FROSO\ufp-simple-client\src_modules\ufp-core-frontend\src\modules\react-redux-hash-router4\Runfest.js" />
</testsuite>
<testsuite package="org.eslint" time="0" tests="1" errors="0" name="D:\ARBEIT\FROSO\ufp-simple-client\src_modules\ufp-core-frontend\src\modules\react-redux-hash-router4\util\ConvertRouter3DefTo4.jsx">
<testcase time="0" name="D:\ARBEIT\FROSO\ufp-simple-client\src_modules\ufp-core-frontend\src\modules\react-redux-hash-router4\util\ConvertRouter3DefTo4.jsx" />
</testsuite>
<testsuite package="org.eslint" time="0" tests="1" errors="0" name="D:\ARBEIT\FROSO\ufp-simple-client\src_modules\ufp-core-frontend\src\modules\react-redux-hash-router4\util\GetSearchObject.js">
<testcase time="0" name="D:\ARBEIT\FROSO\ufp-simple-client\src_modules\ufp-core-frontend\src\modules\react-redux-hash-router4\util\GetSearchObject.js" />
</testsuite>
<testsuite package="org.eslint" time="0" tests="1" errors="0" name="D:\ARBEIT\FROSO\ufp-simple-client\src_modules\ufp-core-frontend\src\modules\react-redux-hash-router4\util\index.js">
<testcase time="0" name="D:\ARBEIT\FROSO\ufp-simple-client\src_modules\ufp-core-frontend\src\modules\react-redux-hash-router4\util\index.js" />
</testsuite>
<testsuite package="org.eslint" time="0" tests="1" errors="0" name="D:\ARBEIT\FROSO\ufp-simple-client\src_modules\ufp-core-frontend\src\modules\react-redux-hash-router4\util\ReplaceRouteVariables.js">
<testcase time="0" name="D:\ARBEIT\FROSO\ufp-simple-client\src_modules\ufp-core-frontend\src\modules\react-redux-hash-router4\util\ReplaceRouteVariables.js" />
</testsuite>
<testsuite package="org.eslint" time="0" tests="1" errors="0" name="D:\ARBEIT\FROSO\ufp-simple-client\src_modules\ufp-core-frontend\src\modules\react-redux-hash-router4\view\components\index.js">
<testcase time="0" name="D:\ARBEIT\FROSO\ufp-simple-client\src_modules\ufp-core-frontend\src\modules\react-redux-hash-router4\view\components\index.js" />
</testsuite>
<testsuite package="org.eslint" time="0" tests="1" errors="0" name="D:\ARBEIT\FROSO\ufp-simple-client\src_modules\ufp-core-frontend\src\modules\react-redux-hash-router4\view\components\Link.js">
<testcase time="0" name="D:\ARBEIT\FROSO\ufp-simple-client\src_modules\ufp-core-frontend\src\modules\react-redux-hash-router4\view\components\Link.js" />
</testsuite>
<testsuite package="org.eslint" time="0" tests="1" errors="0" name="D:\ARBEIT\FROSO\ufp-simple-client\src_modules\ufp-core-frontend\src\modules\react-redux-hash-router4\view\components\Route.js">
<testcase time="0" name="D:\ARBEIT\FROSO\ufp-simple-client\src_modules\ufp-core-frontend\src\modules\react-redux-hash-router4\view\components\Route.js" />
</testsuite>
<testsuite package="org.eslint" time="0" tests="1" errors="0" name="D:\ARBEIT\FROSO\ufp-simple-client\src_modules\ufp-core-frontend\src\modules\react-redux-hash-router4\view\components\Router.js">
<testcase time="0" name="D:\ARBEIT\FROSO\ufp-simple-client\src_modules\ufp-core-frontend\src\modules\react-redux-hash-router4\view\components\Router.js" />
</testsuite>
<testsuite package="org.eslint" time="0" tests="1" errors="0" name="D:\ARBEIT\FROSO\ufp-simple-client\src_modules\ufp-core-frontend\src\modules\react-redux-hash-router4\view\HOCRouter.jsx">
<testcase time="0" name="D:\ARBEIT\FROSO\ufp-simple-client\src_modules\ufp-core-frontend\src\modules\react-redux-hash-router4\view\HOCRouter.jsx" />
</testsuite>
<testsuite package="org.eslint" time="0" tests="1" errors="0" name="D:\ARBEIT\FROSO\ufp-simple-client\src_modules\ufp-core-frontend\src\modules\react-redux-hash-router4\view\index.js">
<testcase time="0" name="D:\ARBEIT\FROSO\ufp-simple-client\src_modules\ufp-core-frontend\src\modules\react-redux-hash-router4\view\index.js" />
</testsuite>
<testsuite package="org.eslint" time="0" tests="1" errors="0" name="D:\ARBEIT\FROSO\ufp-simple-client\src_modules\ufp-core-frontend\src\modules\react-redux-hash-router4\view\RouterProvider.jsx">
<testcase time="0" name="D:\ARBEIT\FROSO\ufp-simple-client\src_modules\ufp-core-frontend\src\modules\react-redux-hash-router4\view\RouterProvider.jsx" />
</testsuite>
<testsuite package="org.eslint" time="0" tests="1" errors="0" name="D:\ARBEIT\FROSO\ufp-simple-client\src_modules\ufp-core-frontend\src\modules\startup\controller\StartupActionCreators.js">
<testcase time="0" name="D:\ARBEIT\FROSO\ufp-simple-client\src_modules\ufp-core-frontend\src\modules\startup\controller\StartupActionCreators.js" />
</testsuite>
<testsuite package="org.eslint" time="0" tests="1" errors="0" name="D:\ARBEIT\FROSO\ufp-simple-client\src_modules\ufp-core-frontend\src\modules\startup\controller\StartupEpic.js">
<testcase time="0" name="D:\ARBEIT\FROSO\ufp-simple-client\src_modules\ufp-core-frontend\src\modules\startup\controller\StartupEpic.js" />
</testsuite>
<testsuite package="org.eslint" time="0" tests="1" errors="0" name="D:\ARBEIT\FROSO\ufp-simple-client\src_modules\ufp-core-frontend\src\modules\startup\index.js">
<testcase time="0" name="D:\ARBEIT\FROSO\ufp-simple-client\src_modules\ufp-core-frontend\src\modules\startup\index.js" />
</testsuite>
<testsuite package="org.eslint" time="0" tests="1" errors="0" name="D:\ARBEIT\FROSO\ufp-simple-client\src_modules\ufp-core-frontend\src\modules\startup\model\StartupActionHandlers.js">
<testcase time="0" name="D:\ARBEIT\FROSO\ufp-simple-client\src_modules\ufp-core-frontend\src\modules\startup\model\StartupActionHandlers.js" />
</testsuite>
<testsuite package="org.eslint" time="0" tests="1" errors="0" name="D:\ARBEIT\FROSO\ufp-simple-client\src_modules\ufp-core-frontend\src\modules\startup\model\StartupConfiguration.js">
<testcase time="0" name="D:\ARBEIT\FROSO\ufp-simple-client\src_modules\ufp-core-frontend\src\modules\startup\model\StartupConfiguration.js" />
</testsuite>
<testsuite package="org.eslint" time="0" tests="1" errors="0" name="D:\ARBEIT\FROSO\ufp-simple-client\src_modules\ufp-core-frontend\src\modules\startup\model\StartupConstants.js">
<testcase time="0" name="D:\ARBEIT\FROSO\ufp-simple-client\src_modules\ufp-core-frontend\src\modules\startup\model\StartupConstants.js" />
</testsuite>
<testsuite package="org.eslint" time="0" tests="1" errors="0" name="D:\ARBEIT\FROSO\ufp-simple-client\src_modules\ufp-core-frontend\src\modules\startup\model\StartupReducer.js">
<testcase time="0" name="D:\ARBEIT\FROSO\ufp-simple-client\src_modules\ufp-core-frontend\src\modules\startup\model\StartupReducer.js" />
</testsuite>
<testsuite package="org.eslint" time="0" tests="1" errors="0" name="D:\ARBEIT\FROSO\ufp-simple-client\src_modules\ufp-core-frontend\src\modules\startup\model\StartupReducerUtils.js">
<testcase time="0" name="D:\ARBEIT\FROSO\ufp-simple-client\src_modules\ufp-core-frontend\src\modules\startup\model\StartupReducerUtils.js" />
</testsuite>
<testsuite package="org.eslint" time="0" tests="1" errors="0" name="D:\ARBEIT\FROSO\ufp-simple-client\src_modules\ufp-core-frontend\src\modules\startup\model\StartupSelectors.js">
<testcase time="0" name="D:\ARBEIT\FROSO\ufp-simple-client\src_modules\ufp-core-frontend\src\modules\startup\model\StartupSelectors.js" />
</testsuite>
<testsuite package="org.eslint" time="0" tests="1" errors="0" name="D:\ARBEIT\FROSO\ufp-simple-client\src_modules\ufp-core-frontend\src\modules\startup\Runfest.js">
<testcase time="0" name="D:\ARBEIT\FROSO\ufp-simple-client\src_modules\ufp-core-frontend\src\modules\startup\Runfest.js" />
</testsuite>
<testsuite package="org.eslint" time="0" tests="1" errors="0" name="D:\ARBEIT\FROSO\ufp-simple-client\src_modules\ufp-core-frontend\src\modules\startup\view\components\DefaultLoaderView.jsx">
<testcase time="0" name="D:\ARBEIT\FROSO\ufp-simple-client\src_modules\ufp-core-frontend\src\modules\startup\view\components\DefaultLoaderView.jsx" />
</testsuite>
<testsuite package="org.eslint" time="0" tests="1" errors="0" name="D:\ARBEIT\FROSO\ufp-simple-client\src_modules\ufp-core-frontend\src\modules\startup\view\components\index.js">
<testcase time="0" name="D:\ARBEIT\FROSO\ufp-simple-client\src_modules\ufp-core-frontend\src\modules\startup\view\components\index.js" />
</testsuite>
<testsuite package="org.eslint" time="0" tests="1" errors="0" name="D:\ARBEIT\FROSO\ufp-simple-client\src_modules\ufp-core-frontend\src\modules\startup\view\components\LoaderDisplay.jsx">
<testcase time="0" name="D:\ARBEIT\FROSO\ufp-simple-client\src_modules\ufp-core-frontend\src\modules\startup\view\components\LoaderDisplay.jsx" />
</testsuite>
<testsuite package="org.eslint" time="0" tests="1" errors="0" name="D:\ARBEIT\FROSO\ufp-simple-client\src_modules\ufp-core-frontend\src\modules\startup\view\HOCLoader.jsx">
<testcase time="0" name="D:\ARBEIT\FROSO\ufp-simple-client\src_modules\ufp-core-frontend\src\modules\startup\view\HOCLoader.jsx" />
</testsuite>
<testsuite package="org.eslint" time="0" tests="1" errors="0" name="D:\ARBEIT\FROSO\ufp-simple-client\src_modules\ufp-core-frontend\src\modules\ufp-react\AsyncComponent.jsx">
<testcase time="0" name="D:\ARBEIT\FROSO\ufp-simple-client\src_modules\ufp-core-frontend\src\modules\ufp-react\AsyncComponent.jsx" />
</testsuite>
<testsuite package="org.eslint" time="0" tests="1" errors="0" name="D:\ARBEIT\FROSO\ufp-simple-client\src_modules\ufp-core-frontend\src\modules\ufp-react\index.js">
<testcase time="0" name="D:\ARBEIT\FROSO\ufp-simple-client\src_modules\ufp-core-frontend\src\modules\ufp-react\index.js" />
</testsuite>
<testsuite package="org.eslint" time="0" tests="1" errors="0" name="D:\ARBEIT\FROSO\ufp-simple-client\src_modules\ufp-core-frontend\src\modules\ufp-react\Runfest.jsx">
<testcase time="0" name="D:\ARBEIT\FROSO\ufp-simple-client\src_modules\ufp-core-frontend\src\modules\ufp-react\Runfest.jsx" />
</testsuite>
<testsuite package="org.eslint" time="0" tests="1" errors="0" name="D:\ARBEIT\FROSO\ufp-simple-client\src_modules\ufp-core-frontend\src\modules\ufp-react\view\components\index.js">
<testcase time="0" name="D:\ARBEIT\FROSO\ufp-simple-client\src_modules\ufp-core-frontend\src\modules\ufp-react\view\components\index.js" />
</testsuite>
<testsuite package="org.eslint" time="0" tests="1" errors="0" name="D:\ARBEIT\FROSO\ufp-simple-client\src_modules\ufp-core-frontend\src\modules\ufp-react\view\components\UfpList.jsx">
<testcase time="0" name="D:\ARBEIT\FROSO\ufp-simple-client\src_modules\ufp-core-frontend\src\modules\ufp-react\view\components\UfpList.jsx" />
</testsuite>
<testsuite package="org.eslint" time="0" tests="1" errors="0" name="D:\ARBEIT\FROSO\ufp-simple-client\src_modules\ufp-core-frontend\src\modules\ufp-redux-form\index.js">
<testcase time="0" name="D:\ARBEIT\FROSO\ufp-simple-client\src_modules\ufp-core-frontend\src\modules\ufp-redux-form\index.js" />
</testsuite>
<testsuite package="org.eslint" time="0" tests="1" errors="0" name="D:\ARBEIT\FROSO\ufp-simple-client\src_modules\ufp-core-frontend\src\modules\ufp-redux-form\Runfest.js">
<testcase time="0" name="D:\ARBEIT\FROSO\ufp-simple-client\src_modules\ufp-core-frontend\src\modules\ufp-redux-form\Runfest.js" />
</testsuite>
<testsuite package="org.eslint" time="0" tests="1" errors="0" name="D:\ARBEIT\FROSO\ufp-simple-client\src_modules\ufp-core-frontend\src\utils\ApiUtils.js">
<testcase time="0" name="D:\ARBEIT\FROSO\ufp-simple-client\src_modules\ufp-core-frontend\src\utils\ApiUtils.js" />
</testsuite>
<testsuite package="org.eslint" time="0" tests="1" errors="0" name="D:\ARBEIT\FROSO\ufp-simple-client\src_modules\ufp-core-frontend\src\utils\HOCUtils.js">
<testcase time="0" name="D:\ARBEIT\FROSO\ufp-simple-client\src_modules\ufp-core-frontend\src\utils\HOCUtils.js" />
</testsuite>
<testsuite package="org.eslint" time="0" tests="1" errors="0" name="D:\ARBEIT\FROSO\ufp-simple-client\src_modules\ufp-core-frontend\src\utils\JSUtils.js">
<testcase time="0" name="D:\ARBEIT\FROSO\ufp-simple-client\src_modules\ufp-core-frontend\src\utils\JSUtils.js" />
</testsuite>
<testsuite package="org.eslint" time="0" tests="1" errors="0" name="D:\ARBEIT\FROSO\ufp-simple-client\src_modules\ufp-core-frontend\src\utils\ObjectUtils.js">
<testcase time="0" name="D:\ARBEIT\FROSO\ufp-simple-client\src_modules\ufp-core-frontend\src\utils\ObjectUtils.js" />
</testsuite>
<testsuite package="org.eslint" time="0" tests="1" errors="0" name="D:\ARBEIT\FROSO\ufp-simple-client\src_modules\ufp-core-frontend\src\utils\ReactPropTypesCheck.js">
<testcase time="0" name="D:\ARBEIT\FROSO\ufp-simple-client\src_modules\ufp-core-frontend\src\utils\ReactPropTypesCheck.js" />
</testsuite>
<testsuite package="org.eslint" time="0" tests="1" errors="0" name="D:\ARBEIT\FROSO\ufp-simple-client\src_modules\ufp-core-frontend\src\utils\ReduxUtils.js">
<testcase time="0" name="D:\ARBEIT\FROSO\ufp-simple-client\src_modules\ufp-core-frontend\src\utils\ReduxUtils.js" />
</testsuite>
<testsuite package="org.eslint" time="0" tests="1" errors="0" name="D:\ARBEIT\FROSO\ufp-simple-client\src_modules\ufp-core-frontend\src\utils\RoutingUtils.js">
<testcase time="0" name="D:\ARBEIT\FROSO\ufp-simple-client\src_modules\ufp-core-frontend\src\utils\RoutingUtils.js" />
</testsuite>
<testsuite package="org.eslint" time="0" tests="1" errors="0" name="D:\ARBEIT\FROSO\ufp-simple-client\src_modules\ufp-core-frontend\src\utils\storage\StorageBaseClass.js">
<testcase time="0" name="D:\ARBEIT\FROSO\ufp-simple-client\src_modules\ufp-core-frontend\src\utils\storage\StorageBaseClass.js" />
</testsuite>
<testsuite package="org.eslint" time="0" tests="1" errors="0" name="D:\ARBEIT\FROSO\ufp-simple-client\src_modules\ufp-core-frontend\src\utils\storage\StorageReal.js">
<testcase time="0" name="D:\ARBEIT\FROSO\ufp-simple-client\src_modules\ufp-core-frontend\src\utils\storage\StorageReal.js" />
</testsuite>
<testsuite package="org.eslint" time="0" tests="1" errors="0" name="D:\ARBEIT\FROSO\ufp-simple-client\src_modules\ufp-core-frontend\src\utils\StringUtils.js">
<testcase time="0" name="D:\ARBEIT\FROSO\ufp-simple-client\src_modules\ufp-core-frontend\src\utils\StringUtils.js" />
</testsuite>
<testsuite package="org.eslint" time="0" tests="1" errors="0" name="D:\ARBEIT\FROSO\ufp-simple-client\src_modules\ufp-core-frontend\build\karma.config.js">
<testcase time="0" name="D:\ARBEIT\FROSO\ufp-simple-client\src_modules\ufp-core-frontend\build\karma.config.js" />
</testsuite>
<testsuite package="org.eslint" time="0" tests="1" errors="0" name="D:\ARBEIT\FROSO\ufp-simple-client\src_modules\ufp-core-frontend\build\make.js">
<testcase time="0" name="D:\ARBEIT\FROSO\ufp-simple-client\src_modules\ufp-core-frontend\build\make.js" />
</testsuite>
<testsuite package="org.eslint" time="0" tests="1" errors="0" name="D:\ARBEIT\FROSO\ufp-simple-client\src_modules\ufp-core-frontend\build\scripts\compile.js">
<testcase time="0" name="D:\ARBEIT\FROSO\ufp-simple-client\src_modules\ufp-core-frontend\build\scripts\compile.js" />
</testsuite>
<testsuite package="org.eslint" time="0" tests="1" errors="0" name="D:\ARBEIT\FROSO\ufp-simple-client\src_modules\ufp-core-frontend\build\scripts\start.js">
<testcase time="0" name="D:\ARBEIT\FROSO\ufp-simple-client\src_modules\ufp-core-frontend\build\scripts\start.js" />
</testsuite>
<testsuite package="org.eslint" time="0" tests="1" errors="0" name="D:\ARBEIT\FROSO\ufp-simple-client\src_modules\ufp-core-frontend\ext\build\lib\JSUtils.js">
<testcase time="0" name="D:\ARBEIT\FROSO\ufp-simple-client\src_modules\ufp-core-frontend\ext\build\lib\JSUtils.js" />
</testsuite>
<testsuite package="org.eslint" time="0" tests="1" errors="0" name="D:\ARBEIT\FROSO\ufp-simple-client\src_modules\ufp-core-frontend\ext\build\lib\Logger2.js">
<testcase time="0" name="D:\ARBEIT\FROSO\ufp-simple-client\src_modules\ufp-core-frontend\ext\build\lib\Logger2.js" />
</testsuite>
<testsuite package="org.eslint" time="0" tests="1" errors="0" name="D:\ARBEIT\FROSO\ufp-simple-client\src_modules\ufp-core-frontend\ext\build\lib\ufp\index.js">
<testcase time="0" name="D:\ARBEIT\FROSO\ufp-simple-client\src_modules\ufp-core-frontend\ext\build\lib\ufp\index.js" />
</testsuite>
<testsuite package="org.eslint" time="0" tests="1" errors="0" name="D:\ARBEIT\FROSO\ufp-simple-client\src_modules\ufp-core-frontend\ext\build\scripts\compile.js">
<testcase time="0" name="D:\ARBEIT\FROSO\ufp-simple-client\src_modules\ufp-core-frontend\ext\build\scripts\compile.js" />
</testsuite>
<testsuite package="org.eslint" time="0" tests="1" errors="0" name="D:\ARBEIT\FROSO\ufp-simple-client\src_modules\ufp-core-frontend\ext\build\scripts\constants.js">
<testcase time="0" name="D:\ARBEIT\FROSO\ufp-simple-client\src_modules\ufp-core-frontend\ext\build\scripts\constants.js" />
</testsuite>
<testsuite package="org.eslint" time="0" tests="1" errors="0" name="D:\ARBEIT\FROSO\ufp-simple-client\src_modules\ufp-core-frontend\ext\build\scripts\make-deprecated.js">
<testcase time="0" name="D:\ARBEIT\FROSO\ufp-simple-client\src_modules\ufp-core-frontend\ext\build\scripts\make-deprecated.js" />
</testsuite>
<testsuite package="org.eslint" time="0" tests="1" errors="0" name="D:\ARBEIT\FROSO\ufp-simple-client\src_modules\ufp-core-frontend\ext\build\scripts\make.js">
<testcase time="0" name="D:\ARBEIT\FROSO\ufp-simple-client\src_modules\ufp-core-frontend\ext\build\scripts\make.js" />
</testsuite>
<testsuite package="org.eslint" time="0" tests="1" errors="0" name="D:\ARBEIT\FROSO\ufp-simple-client\src_modules\ufp-core-frontend\ext\build\scripts\serveDist.js">
<testcase time="0" name="D:\ARBEIT\FROSO\ufp-simple-client\src_modules\ufp-core-frontend\ext\build\scripts\serveDist.js" />
</testsuite>
<testsuite package="org.eslint" time="0" tests="1" errors="0" name="D:\ARBEIT\FROSO\ufp-simple-client\src_modules\ufp-core-frontend\ext\build\scripts\start.js">
<testcase time="0" name="D:\ARBEIT\FROSO\ufp-simple-client\src_modules\ufp-core-frontend\ext\build\scripts\start.js" />
</testsuite>
<testsuite package="org.eslint" time="0" tests="1" errors="0" name="D:\ARBEIT\FROSO\ufp-simple-client\src_modules\ufp-core-frontend\ext\build\server\main.js">
<testcase time="0" name="D:\ARBEIT\FROSO\ufp-simple-client\src_modules\ufp-core-frontend\ext\build\server\main.js" />
</testsuite>
<testsuite package="org.eslint" time="0" tests="1" errors="0" name="D:\ARBEIT\FROSO\ufp-simple-client\src_modules\ufp-core-frontend\ext\build\server\UfpWebpackRequestLogger.js">
<testcase time="0" name="D:\ARBEIT\FROSO\ufp-simple-client\src_modules\ufp-core-frontend\ext\build\server\UfpWebpackRequestLogger.js" />
</testsuite>
<testsuite package="org.eslint" time="0" tests="1" errors="0" name="D:\ARBEIT\FROSO\ufp-simple-client\src_modules\ufp-core-frontend\ext\Install.js">
<testcase time="0" name="D:\ARBEIT\FROSO\ufp-simple-client\src_modules\ufp-core-frontend\ext\Install.js" />
</testsuite>
<testsuite package="org.eslint" time="0" tests="1" errors="0" name="D:\ARBEIT\FROSO\ufp-simple-client\src_modules\ufp-core-frontend\ext\InstallGlobals.js">
<testcase time="0" name="D:\ARBEIT\FROSO\ufp-simple-client\src_modules\ufp-core-frontend\ext\InstallGlobals.js" />
</testsuite>
<testsuite package="org.eslint" time="0" tests="1" errors="0" name="D:\ARBEIT\FROSO\ufp-simple-client\src_modules\ufp-core-frontend\ext\presets\default\config\closure.externs.js">
<testcase time="0" name="D:\ARBEIT\FROSO\ufp-simple-client\src_modules\ufp-core-frontend\ext\presets\default\config\closure.externs.js" />
</testsuite>
<testsuite package="org.eslint" time="0" tests="1" errors="0" name="D:\ARBEIT\FROSO\ufp-simple-client\src_modules\ufp-core-frontend\ext\presets\default\config\karma.config.js">
<testcase time="0" name="D:\ARBEIT\FROSO\ufp-simple-client\src_modules\ufp-core-frontend\ext\presets\default\config\karma.config.js" />
</testsuite>
<testsuite package="org.eslint" time="0" tests="1" errors="0" name="D:\ARBEIT\FROSO\ufp-simple-client\src_modules\ufp-core-frontend\ext\presets\default\config\karma.setup.js">
<testcase time="0" name="D:\ARBEIT\FROSO\ufp-simple-client\src_modules\ufp-core-frontend\ext\presets\default\config\karma.setup.js" />
</testsuite>
<testsuite package="org.eslint" time="0" tests="1" errors="0" name="D:\ARBEIT\FROSO\ufp-simple-client\src_modules\ufp-core-frontend\ext\presets\default\config\project.config.wrapper.js">
<testcase time="0" name="D:\ARBEIT\FROSO\ufp-simple-client\src_modules\ufp-core-frontend\ext\presets\default\config\project.config.wrapper.js" />
</testsuite>
<testsuite package="org.eslint" time="0" tests="1" errors="0" name="D:\ARBEIT\FROSO\ufp-simple-client\src_modules\ufp-core-frontend\ext\presets\default\config\webpack.config.js">
<testcase time="0" name="D:\ARBEIT\FROSO\ufp-simple-client\src_modules\ufp-core-frontend\ext\presets\default\config\webpack.config.js" />
</testsuite>
<testsuite package="org.eslint" time="0" tests="1" errors="0" name="D:\ARBEIT\FROSO\ufp-simple-client\src_modules\ufp-core-frontend\ext\presets\default\project.config.js">
<testcase time="0" name="D:\ARBEIT\FROSO\ufp-simple-client\src_modules\ufp-core-frontend\ext\presets\default\project.config.js" />
</testsuite>
<testsuite package="org.eslint" time="0" tests="1" errors="0" name="D:\ARBEIT\FROSO\ufp-simple-client\src_modules\ufp-core-frontend\ext\RemovePackagesThatAreInUFPCore.js">
<testcase time="0" name="D:\ARBEIT\FROSO\ufp-simple-client\src_modules\ufp-core-frontend\ext\RemovePackagesThatAreInUFPCore.js" />
</testsuite>
<testsuite package="org.eslint" time="0" tests="1" errors="0" name="D:\ARBEIT\FROSO\ufp-simple-client\src_modules\ufp-core-frontend\ext\sample\000-ufp-minimal-null\src\main.js">
<testcase time="0" name="D:\ARBEIT\FROSO\ufp-simple-client\src_modules\ufp-core-frontend\ext\sample\000-ufp-minimal-null\src\main.js" />
</testsuite>
<testsuite package="org.eslint" time="0" tests="1" errors="0" name="D:\ARBEIT\FROSO\ufp-simple-client\src_modules\ufp-core-frontend\ext\UpdatePackageJson.js">
<testcase time="0" name="D:\ARBEIT\FROSO\ufp-simple-client\src_modules\ufp-core-frontend\ext\UpdatePackageJson.js" />
</testsuite>
<testsuite package="org.eslint" time="0" tests="1" errors="0" name="D:\ARBEIT\FROSO\ufp-simple-client\src_modules\ufp-core-frontend\ext\UpdatePackageJsonDependencies.js">
<testcase time="0" name="D:\ARBEIT\FROSO\ufp-simple-client\src_modules\ufp-core-frontend\ext\UpdatePackageJsonDependencies.js" />
</testsuite>
<testsuite package="org.eslint" time="0" tests="1" errors="0" name="D:\ARBEIT\FROSO\ufp-simple-client\src_modules\ufp-core-frontend\ext\UpdatePackageJsonScripts.js">
<testcase time="0" name="D:\ARBEIT\FROSO\ufp-simple-client\src_modules\ufp-core-frontend\ext\UpdatePackageJsonScripts.js" />
</testsuite>
<testsuite package="org.eslint" time="0" tests="1" errors="0" name="D:\ARBEIT\FROSO\ufp-simple-client\src_modules\ufp-core-frontend\ext\webpack.js">
<testcase time="0" name="D:\ARBEIT\FROSO\ufp-simple-client\src_modules\ufp-core-frontend\ext\webpack.js" />
</testsuite>
</testsuites>
